app/manifest-merger-release-report.txt
-- Merging decision tree log ---
manifest
ADDED from AndroidManifest.xml:2:1
	package
		ADDED from AndroidManifest.xml:3:5
		INJECTED from AndroidManifest.xml:0:0
		INJECTED from AndroidManifest.xml:0:0
	android:versionName
		INJECTED from AndroidManifest.xml:0:0
		INJECTED from AndroidManifest.xml:0:0
	xmlns:android
		ADDED from AndroidManifest.xml:2:11
	android:versionCode
		INJECTED from AndroidManifest.xml:0:0
		INJECTED from AndroidManifest.xml:0:0
	android:installLocation
		ADDED from AndroidManifest.xml:4:5
application
ADDED from AndroidManifest.xml:6:5
MERGED from com.google.android.gms:play-services:6.1.11:16:5
MERGED from com.android.support:support-v4:20.0.0:17:5
MERGED from com.android.support:appcompat-v7:20.0.0:17:5
MERGED from com.android.support:support-v4:20.0.0:17:5
MERGED from de.hdodenhof:circleimageview:1.1.1:9:5
MERGED from com.androidmapsextensions:android-maps-extensions:2.1.0:5:5
MERGED from com.github.castorflex.smoothprogressbar:library:1.0.0:12:5
	android:label
		ADDED from AndroidManifest.xml:10:9
	android:allowBackup
		ADDED from AndroidManifest.xml:8:9
	android:icon
		ADDED from AndroidManifest.xml:9:9
	android:theme
		ADDED from AndroidManifest.xml:11:9
	android:name
		ADDED from AndroidManifest.xml:7:9
meta-data#AA_DB_NAME
ADDED from AndroidManifest.xml:12:9
	android:value
		ADDED from AndroidManifest.xml:14:13
	android:name
		ADDED from AndroidManifest.xml:13:13
meta-data#AA_DB_VERSION
ADDED from AndroidManifest.xml:15:9
	android:value
		ADDED from AndroidManifest.xml:17:13
	android:name
		ADDED from AndroidManifest.xml:16:13
meta-data#com.google.android.maps.v2.API_KEY
ADDED from AndroidManifest.xml:18:9
	android:value
		ADDED from AndroidManifest.xml:20:13
	android:name
		ADDED from AndroidManifest.xml:19:13
meta-data#com.google.android.gms.version
ADDED from AndroidManifest.xml:21:9
	android:value
		ADDED from AndroidManifest.xml:23:13
	android:name
		ADDED from AndroidManifest.xml:22:13
activity#com.fcd.glasgow_cycling.activities.LaunchActivity
ADDED from AndroidManifest.xml:25:9
	android:screenOrientation
		ADDED from AndroidManifest.xml:27:13
	android:name
		ADDED from AndroidManifest.xml:26:13
intent-filter#android.intent.action.MAIN+android.intent.category.LAUNCHER
ADDED from AndroidManifest.xml:28:13
action#android.intent.action.MAIN
ADDED from AndroidManifest.xml:29:17
	android:name
		ADDED from AndroidManifest.xml:29:25
category#android.intent.category.LAUNCHER
ADDED from AndroidManifest.xml:31:17
	android:name
		ADDED from AndroidManifest.xml:31:27
activity#com.fcd.glasgow_cycling.activities.SignInActivity
ADDED from AndroidManifest.xml:34:9
	android:screenOrientation
		ADDED from AndroidManifest.xml:37:13
	android:label
		ADDED from AndroidManifest.xml:36:13
	android:windowSoftInputMode
		ADDED from AndroidManifest.xml:38:13
	android:name
		ADDED from AndroidManifest.xml:35:13
activity#com.fcd.glasgow_cycling.activities.UserOverviewActivity
ADDED from AndroidManifest.xml:40:9
	android:screenOrientation
		ADDED from AndroidManifest.xml:43:13
	android:label
		ADDED from AndroidManifest.xml:42:13
	android:name
		ADDED from AndroidManifest.xml:41:13
meta-data#android.app.default_searchable
ADDED from AndroidManifest.xml:44:13
	android:value
		ADDED from AndroidManifest.xml:46:17
	android:name
		ADDED from AndroidManifest.xml:45:17
activity#com.fcd.glasgow_cycling.activities.RouteListActivity
ADDED from AndroidManifest.xml:48:9
	android:screenOrientation
		ADDED from AndroidManifest.xml:52:13
	android:label
		ADDED from AndroidManifest.xml:50:13
	android:parentActivityName
		ADDED from AndroidManifest.xml:51:13
	android:name
		ADDED from AndroidManifest.xml:49:13
activity#com.fcd.glasgow_cycling.activities.RouteCaptureActivity
ADDED from AndroidManifest.xml:54:9
	android:screenOrientation
		ADDED from AndroidManifest.xml:58:13
	android:label
		ADDED from AndroidManifest.xml:56:13
	android:parentActivityName
		ADDED from AndroidManifest.xml:57:13
	android:name
		ADDED from AndroidManifest.xml:55:13
meta-data#android.support.PARENT_ACTIVITY
ADDED from AndroidManifest.xml:59:13
	android:value
		ADDED from AndroidManifest.xml:61:17
	android:name
		ADDED from AndroidManifest.xml:60:17
activity#com.fcd.glasgow_cycling.activities.RouteOverviewActivity
ADDED from AndroidManifest.xml:63:9
	android:screenOrientation
		ADDED from AndroidManifest.xml:67:13
	android:label
		ADDED from AndroidManifest.xml:65:13
	android:parentActivityName
		ADDED from AndroidManifest.xml:66:13
	android:name
		ADDED from AndroidManifest.xml:64:13
activity#com.fcd.glasgow_cycling.activities.SignUpActivity
ADDED from AndroidManifest.xml:72:9
	android:screenOrientation
		ADDED from AndroidManifest.xml:76:13
	android:label
		ADDED from AndroidManifest.xml:74:13
	android:parentActivityName
		ADDED from AndroidManifest.xml:75:13
	android:name
		ADDED from AndroidManifest.xml:73:13
activity#com.fcd.glasgow_cycling.activities.SearchActivity
ADDED from AndroidManifest.xml:81:9
	android:screenOrientation
		ADDED from AndroidManifest.xml:86:13
	android:label
		ADDED from AndroidManifest.xml:83:13
	android:parentActivityName
		ADDED from AndroidManifest.xml:85:13
	android:launchMode
		ADDED from AndroidManifest.xml:84:13
	android:name
		ADDED from AndroidManifest.xml:82:13
meta-data#android.app.searchable
ADDED from AndroidManifest.xml:87:13
	android:resource
		ADDED from AndroidManifest.xml:89:17
	android:name
		ADDED from AndroidManifest.xml:88:17
intent-filter#android.intent.action.SEARCH
ADDED from AndroidManifest.xml:91:13
action#android.intent.action.SEARCH
ADDED from AndroidManifest.xml:92:17
	android:name
		ADDED from AndroidManifest.xml:92:25
service#com.fcd.glasgow_cycling.api.auth.AuthenticatorService
ADDED from AndroidManifest.xml:96:9
	android:exported
		ADDED from AndroidManifest.xml:98:13
	android:name
		ADDED from AndroidManifest.xml:97:13
intent-filter#android.accounts.AccountAuthenticator
ADDED from AndroidManifest.xml:99:13
action#android.accounts.AccountAuthenticator
ADDED from AndroidManifest.xml:100:17
	android:name
		ADDED from AndroidManifest.xml:100:25
meta-data#android.accounts.AccountAuthenticator
ADDED from AndroidManifest.xml:103:13
	android:resource
		ADDED from AndroidManifest.xml:105:17
	android:name
		ADDED from AndroidManifest.xml:104:17
activity#com.fcd.glasgow_cycling.activities.AccountSettingsActivity
ADDED from AndroidManifest.xml:108:9
	android:screenOrientation
		ADDED from AndroidManifest.xml:111:13
	android:label
		ADDED from AndroidManifest.xml:110:13
	android:windowSoftInputMode
		ADDED from AndroidManifest.xml:112:13
	android:name
		ADDED from AndroidManifest.xml:109:13
activity#com.fcd.glasgow_cycling.activities.AccountPasswordActivity
ADDED from AndroidManifest.xml:114:9
	android:screenOrientation
		ADDED from AndroidManifest.xml:117:13
	android:label
		ADDED from AndroidManifest.xml:116:13
	android:name
		ADDED from AndroidManifest.xml:115:13
activity#com.fcd.glasgow_cycling.activities.AccountForgottenActivity
ADDED from AndroidManifest.xml:119:9
	android:screenOrientation
		ADDED from AndroidManifest.xml:122:13
	android:label
		ADDED from AndroidManifest.xml:121:13
	android:name
		ADDED from AndroidManifest.xml:120:13
activity#com.fcd.glasgow_cycling.activities.CycleMapActivity
ADDED from AndroidManifest.xml:124:9
	android:screenOrientation
		ADDED from AndroidManifest.xml:128:13
	android:label
		ADDED from AndroidManifest.xml:126:13
	android:parentActivityName
		ADDED from AndroidManifest.xml:127:13
	android:name
		ADDED from AndroidManifest.xml:125:13
activity#com.fcd.glasgow_cycling.activities.UserStatsActivity
ADDED from AndroidManifest.xml:130:9
	android:screenOrientation
		ADDED from AndroidManifest.xml:134:13
	android:label
		ADDED from AndroidManifest.xml:132:13
	android:parentActivityName
		ADDED from AndroidManifest.xml:133:13
	android:name
		ADDED from AndroidManifest.xml:131:13
activity#com.fcd.glasgow_cycling.activities.WelcomeActivity
ADDED from AndroidManifest.xml:136:9
	android:screenOrientation
		ADDED from AndroidManifest.xml:139:13
	android:label
		ADDED from AndroidManifest.xml:138:13
	android:name
		ADDED from AndroidManifest.xml:137:13
meta-data#com.crashlytics.ApiKey
ADDED from AndroidManifest.xml:141:9
	android:value
		ADDED from AndroidManifest.xml:141:58
	android:name
		ADDED from AndroidManifest.xml:141:20
uses-permission#android.permission.GET_ACCOUNTS
ADDED from AndroidManifest.xml:145:5
	android:name
		ADDED from AndroidManifest.xml:145:22
uses-permission#android.permission.MANAGE_ACCOUNTS
ADDED from AndroidManifest.xml:146:5
	android:name
		ADDED from AndroidManifest.xml:146:22
uses-permission#android.permission.INTERNET
ADDED from AndroidManifest.xml:147:5
	android:name
		ADDED from AndroidManifest.xml:147:22
uses-permission#android.permission.USE_CREDENTIALS
ADDED from AndroidManifest.xml:148:5
	android:name
		ADDED from AndroidManifest.xml:148:22
uses-permission#android.permission.ACCESS_COARSE_LOCATION
ADDED from AndroidManifest.xml:149:5
	android:name
		ADDED from AndroidManifest.xml:149:22
uses-permission#android.permission.ACCESS_FINE_LOCATION
ADDED from AndroidManifest.xml:150:5
	android:name
		ADDED from AndroidManifest.xml:150:22
uses-permission#android.permission.ACCESS_NETWORK_STATE
ADDED from AndroidManifest.xml:151:5
	android:name
		ADDED from AndroidManifest.xml:151:22
uses-permission#android.permission.WRITE_EXTERNAL_STORAGE
ADDED from AndroidManifest.xml:152:5
	android:name
		ADDED from AndroidManifest.xml:152:22
uses-permission#com.google.android.providers.gsf.permission.READ_GSERVICES
ADDED from AndroidManifest.xml:153:5
	android:name
		ADDED from AndroidManifest.xml:153:22
uses-permission#android.permission.AUTHENTICATE_ACCOUNTS
ADDED from AndroidManifest.xml:154:5
	android:name
		ADDED from AndroidManifest.xml:154:22
uses-sdk
INJECTED from AndroidManifest.xml:0:0 reason: use-sdk injection requested
MERGED from com.google.android.gms:play-services:6.1.11:15:5
MERGED from com.android.support:support-v4:20.0.0:16:5
MERGED from com.android.support:appcompat-v7:20.0.0:16:5
MERGED from com.android.support:support-v4:20.0.0:16:5
MERGED from de.hdodenhof:circleimageview:1.1.1:5:5
MERGED from com.androidmapsextensions:android-maps-extensions:2.1.0:3:5
MERGED from com.github.castorflex.smoothprogressbar:library:1.0.0:8:5
	android:targetSdkVersion
		INJECTED from AndroidManifest.xml:0:0
		INJECTED from AndroidManifest.xml:0:0
	android:minSdkVersion
		INJECTED from AndroidManifest.xml:0:0
		INJECTED from AndroidManifest.xml:0:0